Logfile initialized
[INFO] logfile = C:\Users\murata.tatsuhiko\My Documents\Titanium Studio Workspace\TestRepo\build.log
[DEBUG] C:\Users\murata.tatsuhiko\AppData\Roaming\Titanium\mobilesdk\win32\1.8.2\android\builder.py simulator MyTestRepo C:\Android\android-sdk C:\Users\murata.tatsuhiko\My Documents\Titanium Studio Workspace\TestRepo jp.co.fois.mytestrepo 2 WVGA854
[INFO] Building MyTestRepo for Android ... one moment
[INFO] Titanium SDK version: 1.8.2 (02/23/12 17:46 59b3a90)
[DEBUG] Waiting for device to be ready ...
[TRACE] adb devices returned 2 devices/emulators
[TRACE] adb devices returned 2 devices/emulators
[TRACE] adb devices returned 2 devices/emulators
[TRACE] adb devices returned 2 devices/emulators
[TRACE] adb devices returned 2 devices/emulators
[TRACE] adb devices returned 2 devices/emulators
[TRACE] adb devices returned 2 devices/emulators
[TRACE] adb devices returned 2 devices/emulators
[TRACE] adb devices returned 2 devices/emulators
[TRACE] adb devices returned 2 devices/emulators
[TRACE] adb devices returned 2 devices/emulators
[TRACE] adb devices returned 2 devices/emulators
[TRACE] adb devices returned 2 devices/emulators
[DEBUG] Device connected... (waited 60 seconds)
[DEBUG] waited 60.520000 seconds on emulator to get ready
[INFO] Waiting for the Android Emulator to become available
[DEBUG] jp.co.fois.mytestrepo installed? False
[INFO] Fastdev server running, deploying in Fastdev mode
[INFO] Copying project resources..
[INFO] Detected tiapp.xml change (or assets deleted), forcing full re-build...
[TRACE] COPYING CREATED FILE: C:\Users\murata.tatsuhiko\My Documents\Titanium Studio Workspace\TestRepo\Resources\android\appicon.png => C:\Users\murata.tatsuhiko\My Documents\Titanium Studio Workspace\TestRepo\build\android\bin\assets\Resources\appicon.png
[TRACE] COPYING CREATED FILE: C:\Users\murata.tatsuhiko\My Documents\Titanium Studio Workspace\TestRepo\Resources\android\default.png => C:\Users\murata.tatsuhiko\My Documents\Titanium Studio Workspace\TestRepo\build\android\bin\assets\Resources\default.png
[TRACE] COPYING CREATED FILE: C:\Users\murata.tatsuhiko\My Documents\Titanium Studio Workspace\TestRepo\Resources\app.js => C:\Users\murata.tatsuhiko\My Documents\Titanium Studio Workspace\TestRepo\build\android\bin\assets\Resources\app.js
[TRACE] COPYING CREATED FILE: C:\Users\murata.tatsuhiko\My Documents\Titanium Studio Workspace\TestRepo\Resources\images\KS_nav_ui.png => C:\Users\murata.tatsuhiko\My Documents\Titanium Studio Workspace\TestRepo\build\android\bin\assets\Resources\images\KS_nav_ui.png
[TRACE] COPYING CREATED FILE: C:\Users\murata.tatsuhiko\My Documents\Titanium Studio Workspace\TestRepo\Resources\images\KS_nav_views.png => C:\Users\murata.tatsuhiko\My Documents\Titanium Studio Workspace\TestRepo\build\android\bin\assets\Resources\images\KS_nav_views.png
[TRACE] COPYING CREATED FILE: C:\Users\murata.tatsuhiko\My Documents\Titanium Studio Workspace\TestRepo\Resources\KS_nav_ui.png => C:\Users\murata.tatsuhiko\My Documents\Titanium Studio Workspace\TestRepo\build\android\bin\assets\Resources\KS_nav_ui.png
[TRACE] COPYING CREATED FILE: C:\Users\murata.tatsuhiko\My Documents\Titanium Studio Workspace\TestRepo\Resources\KS_nav_views.png => C:\Users\murata.tatsuhiko\My Documents\Titanium Studio Workspace\TestRepo\build\android\bin\assets\Resources\KS_nav_views.png
[TRACE] COPYING CREATED FILE: C:\Users\murata.tatsuhiko\My Documents\Titanium Studio Workspace\TestRepo\Resources\ui\AppTabGroup.js => C:\Users\murata.tatsuhiko\My Documents\Titanium Studio Workspace\TestRepo\build\android\bin\assets\Resources\ui\AppTabGroup.js
[TRACE] COPYING CREATED FILE: C:\Users\murata.tatsuhiko\My Documents\Titanium Studio Workspace\TestRepo\Resources\ui\AppWindow.js => C:\Users\murata.tatsuhiko\My Documents\Titanium Studio Workspace\TestRepo\build\android\bin\assets\Resources\ui\AppWindow.js
[TRACE] Generating Java Classes
[DEBUG] Processing Android resource drawables
[TRACE] COPYING FILE: C:\Users\murata.tatsuhiko\My Documents\Titanium Studio Workspace\TestRepo\Resources\android\images\res-long-land-hdpi\default.png => C:\Users\murata.tatsuhiko\My Documents\Titanium Studio Workspace\TestRepo\build\android\res\drawable-long-land-hdpi\default_d44e27d97b.png
[TRACE] COPYING FILE: C:\Users\murata.tatsuhiko\My Documents\Titanium Studio Workspace\TestRepo\Resources\android\images\res-long-land-ldpi\default.png => C:\Users\murata.tatsuhiko\My Documents\Titanium Studio Workspace\TestRepo\build\android\res\drawable-long-land-ldpi\default_d44e27d97b.png
[TRACE] COPYING FILE: C:\Users\murata.tatsuhiko\My Documents\Titanium Studio Workspace\TestRepo\Resources\android\images\res-long-port-hdpi\default.png => C:\Users\murata.tatsuhiko\My Documents\Titanium Studio Workspace\TestRepo\build\android\res\drawable-long-port-hdpi\default_d44e27d97b.png
[TRACE] COPYING FILE: C:\Users\murata.tatsuhiko\My Documents\Titanium Studio Workspace\TestRepo\Resources\android\images\res-long-port-ldpi\default.png => C:\Users\murata.tatsuhiko\My Documents\Titanium Studio Workspace\TestRepo\build\android\res\drawable-long-port-ldpi\default_d44e27d97b.png
[TRACE] COPYING FILE: C:\Users\murata.tatsuhiko\My Documents\Titanium Studio Workspace\TestRepo\Resources\android\images\res-notlong-land-hdpi\default.png => C:\Users\murata.tatsuhiko\My Documents\Titanium Studio Workspace\TestRepo\build\android\res\drawable-notlong-land-hdpi\default_d44e27d97b.png
[TRACE] COPYING FILE: C:\Users\murata.tatsuhiko\My Documents\Titanium Studio Workspace\TestRepo\Resources\android\images\res-notlong-land-ldpi\default.png => C:\Users\murata.tatsuhiko\My Documents\Titanium Studio Workspace\TestRepo\build\android\res\drawable-notlong-land-ldpi\default_d44e27d97b.png
[TRACE] COPYING FILE: C:\Users\murata.tatsuhiko\My Documents\Titanium Studio Workspace\TestRepo\Resources\android\images\res-notlong-land-mdpi\default.png => C:\Users\murata.tatsuhiko\My Documents\Titanium Studio Workspace\TestRepo\build\android\res\drawable-notlong-land-mdpi\default_d44e27d97b.png
[TRACE] COPYING FILE: C:\Users\murata.tatsuhiko\My Documents\Titanium Studio Workspace\TestRepo\Resources\android\images\res-notlong-port-hdpi\default.png => C:\Users\murata.tatsuhiko\My Documents\Titanium Studio Workspace\TestRepo\build\android\res\drawable-notlong-port-hdpi\default_d44e27d97b.png
[TRACE] COPYING FILE: C:\Users\murata.tatsuhiko\My Documents\Titanium Studio Workspace\TestRepo\Resources\android\images\res-notlong-port-ldpi\default.png => C:\Users\murata.tatsuhiko\My Documents\Titanium Studio Workspace\TestRepo\build\android\res\drawable-notlong-port-ldpi\default_d44e27d97b.png
[TRACE] COPYING FILE: C:\Users\murata.tatsuhiko\My Documents\Titanium Studio Workspace\TestRepo\Resources\android\images\res-notlong-port-mdpi\default.png => C:\Users\murata.tatsuhiko\My Documents\Titanium Studio Workspace\TestRepo\build\android\res\drawable-notlong-port-mdpi\default_d44e27d97b.png
[DEBUG] app stylesheet => C:\Users\murata.tatsuhiko\My Documents\Titanium Studio Workspace\TestRepo\build\android\gen\jp\co\fois\mytestrepo\ApplicationStylesheet.java
[DEBUG] copying app icon: C:\Users\murata.tatsuhiko\My Documents\Titanium Studio Workspace\TestRepo\build\android\bin\assets\Resources\appicon.png
[DEBUG] generating theme.xml
[DEBUG] found drawable-long-land-hdpi splash screen at C:\Users\murata.tatsuhiko\My Documents\Titanium Studio Workspace\TestRepo\Resources\android\images\res-long-land-hdpi\default.png
[DEBUG] copying C:\Users\murata.tatsuhiko\My Documents\Titanium Studio Workspace\TestRepo\Resources\android\images\res-long-land-hdpi\default.png splash screen to C:\Users\murata.tatsuhiko\My Documents\Titanium Studio Workspace\TestRepo\build\android\res\drawable-long-land-hdpi\background.png
[DEBUG] found drawable-long-land-ldpi splash screen at C:\Users\murata.tatsuhiko\My Documents\Titanium Studio Workspace\TestRepo\Resources\android\images\res-long-land-ldpi\default.png
[DEBUG] copying C:\Users\murata.tatsuhiko\My Documents\Titanium Studio Workspace\TestRepo\Resources\android\images\res-long-land-ldpi\default.png splash screen to C:\Users\murata.tatsuhiko\My Documents\Titanium Studio Workspace\TestRepo\build\android\res\drawable-long-land-ldpi\background.png
[DEBUG] found drawable-long-port-hdpi splash screen at C:\Users\murata.tatsuhiko\My Documents\Titanium Studio Workspace\TestRepo\Resources\android\images\res-long-port-hdpi\default.png
[DEBUG] copying C:\Users\murata.tatsuhiko\My Documents\Titanium Studio Workspace\TestRepo\Resources\android\images\res-long-port-hdpi\default.png splash screen to C:\Users\murata.tatsuhiko\My Documents\Titanium Studio Workspace\TestRepo\build\android\res\drawable-long-port-hdpi\background.png
[DEBUG] found drawable-long-port-ldpi splash screen at C:\Users\murata.tatsuhiko\My Documents\Titanium Studio Workspace\TestRepo\Resources\android\images\res-long-port-ldpi\default.png
[DEBUG] copying C:\Users\murata.tatsuhiko\My Documents\Titanium Studio Workspace\TestRepo\Resources\android\images\res-long-port-ldpi\default.png splash screen to C:\Users\murata.tatsuhiko\My Documents\Titanium Studio Workspace\TestRepo\build\android\res\drawable-long-port-ldpi\background.png
[DEBUG] found drawable-notlong-land-hdpi splash screen at C:\Users\murata.tatsuhiko\My Documents\Titanium Studio Workspace\TestRepo\Resources\android\images\res-notlong-land-hdpi\default.png
[DEBUG] copying C:\Users\murata.tatsuhiko\My Documents\Titanium Studio Workspace\TestRepo\Resources\android\images\res-notlong-land-hdpi\default.png splash screen to C:\Users\murata.tatsuhiko\My Documents\Titanium Studio Workspace\TestRepo\build\android\res\drawable-notlong-land-hdpi\background.png
[DEBUG] found drawable-notlong-land-ldpi splash screen at C:\Users\murata.tatsuhiko\My Documents\Titanium Studio Workspace\TestRepo\Resources\android\images\res-notlong-land-ldpi\default.png
[DEBUG] copying C:\Users\murata.tatsuhiko\My Documents\Titanium Studio Workspace\TestRepo\Resources\android\images\res-notlong-land-ldpi\default.png splash screen to C:\Users\murata.tatsuhiko\My Documents\Titanium Studio Workspace\TestRepo\build\android\res\drawable-notlong-land-ldpi\background.png
[DEBUG] found drawable-notlong-land-mdpi splash screen at C:\Users\murata.tatsuhiko\My Documents\Titanium Studio Workspace\TestRepo\Resources\android\images\res-notlong-land-mdpi\default.png
[DEBUG] copying C:\Users\murata.tatsuhiko\My Documents\Titanium Studio Workspace\TestRepo\Resources\android\images\res-notlong-land-mdpi\default.png splash screen to C:\Users\murata.tatsuhiko\My Documents\Titanium Studio Workspace\TestRepo\build\android\res\drawable-notlong-land-mdpi\background.png
[DEBUG] found drawable-notlong-port-hdpi splash screen at C:\Users\murata.tatsuhiko\My Documents\Titanium Studio Workspace\TestRepo\Resources\android\images\res-notlong-port-hdpi\default.png
[DEBUG] copying C:\Users\murata.tatsuhiko\My Documents\Titanium Studio Workspace\TestRepo\Resources\android\images\res-notlong-port-hdpi\default.png splash screen to C:\Users\murata.tatsuhiko\My Documents\Titanium Studio Workspace\TestRepo\build\android\res\drawable-notlong-port-hdpi\background.png
[DEBUG] found drawable-notlong-port-ldpi splash screen at C:\Users\murata.tatsuhiko\My Documents\Titanium Studio Workspace\TestRepo\Resources\android\images\res-notlong-port-ldpi\default.png
[DEBUG] copying C:\Users\murata.tatsuhiko\My Documents\Titanium Studio Workspace\TestRepo\Resources\android\images\res-notlong-port-ldpi\default.png splash screen to C:\Users\murata.tatsuhiko\My Documents\Titanium Studio Workspace\TestRepo\build\android\res\drawable-notlong-port-ldpi\background.png
[DEBUG] found drawable-notlong-port-mdpi splash screen at C:\Users\murata.tatsuhiko\My Documents\Titanium Studio Workspace\TestRepo\Resources\android\images\res-notlong-port-mdpi\default.png
[DEBUG] copying C:\Users\murata.tatsuhiko\My Documents\Titanium Studio Workspace\TestRepo\Resources\android\images\res-notlong-port-mdpi\default.png splash screen to C:\Users\murata.tatsuhiko\My Documents\Titanium Studio Workspace\TestRepo\build\android\res\drawable-notlong-port-mdpi\background.png
[DEBUG] found splash screen at C:\Users\murata.tatsuhiko\My Documents\Titanium Studio Workspace\TestRepo\build\android\bin\assets\Resources\default.png
[TRACE] Writing out AndroidManifest.xml
[DEBUG] adding C:\Users\murata.tatsuhiko\My Documents\Titanium Studio Workspace\TestRepo\build\android\gen\jp\co\fois\mytestrepo\ApplicationStylesheet.java to javac build list
[DEBUG] adding C:\Users\murata.tatsuhiko\My Documents\Titanium Studio Workspace\TestRepo\build\android\gen\jp\co\fois\mytestrepo\MytestrepoActivity.java to javac build list
[DEBUG] adding C:\Users\murata.tatsuhiko\My Documents\Titanium Studio Workspace\TestRepo\build\android\gen\jp\co\fois\mytestrepo\MytestrepoAppInfo.java to javac build list
[DEBUG] adding C:\Users\murata.tatsuhiko\My Documents\Titanium Studio Workspace\TestRepo\build\android\gen\jp\co\fois\mytestrepo\MytestrepoApplication.java to javac build list
[DEBUG] adding C:\Users\murata.tatsuhiko\My Documents\Titanium Studio Workspace\TestRepo\build\android\gen\jp\co\fois\mytestrepo\R.java to javac build list
[DEBUG] Building Java Sources: "C:\\Users\\murata.tatsuhiko\\My Documents\\Titanium Studio Workspace\\TestRepo\\build\\android\\gen\\jp\\co\\fois\\mytestrepo\\ApplicationStylesheet.java" "C:\\Users\\murata.tatsuhiko\\My Documents\\Titanium Studio Workspace\\TestRepo\\build\\android\\gen\\jp\\co\\fois\\mytestrepo\\MytestrepoActivity.java" "C:\\Users\\murata.tatsuhiko\\My Documents\\Titanium Studio Workspace\\TestRepo\\build\\android\\gen\\jp\\co\\fois\\mytestrepo\\MytestrepoAppInfo.java" "C:\\Users\\murata.tatsuhiko\\My Documents\\Titanium Studio Workspace\\TestRepo\\build\\android\\gen\\jp\\co\\fois\\mytestrepo\\MytestrepoApplication.java" "C:\\Users\\murata.tatsuhiko\\My Documents\\Titanium Studio Workspace\\TestRepo\\build\\android\\gen\\jp\\co\\fois\\mytestrepo\\R.java"
[INFO] Waiting for SDCard to become available..
